{"level":"info","ts":"2023-08-26T12:58:41.117+0330","caller":"db/postgres.go:40","msg":"postgres started","AppName":"MyApp","LoggerName":"ZapLogger","Category":"Postgres","SubCategory":"Startup"}
{"log-1","level":"info","ts":"2023-08-26T13:06:24.931+0330","caller":"db/postgres.go:40","msg":"postgres started","AppName":"MyApp","LoggerName":"ZapLogger","Category":"Postgres","SubCategory":"Startup"}
{"level":"info","ts":"2023-08-31T07:59:36.447+0330","caller":"db/postgres.go:40","msg":"postgres started","AppName":"MyApp","LoggerName":"ZapLogger","Category":"Postgres","SubCategory":"Startup"}
{"level":"info","ts":"2023-08-31T08:00:12.662+0330","caller":"db/postgres.go:40","msg":"postgres started","AppName":"MyApp","LoggerName":"ZapLogger","Category":"Postgres","SubCategory":"Startup"}
{"level":"info","ts":"2023-08-31T08:00:12.867+0330","caller":"migrations/1_init.go:33","msg":"added tabels","AppName":"MyApp","LoggerName":"ZapLogger","Category":"Postgres","SubCategory":"Insert"}
{"level":"info","ts":"2023-08-31T08:59:05.725+0330","caller":"db/postgres.go:40","msg":"postgres started","AppName":"MyApp","LoggerName":"ZapLogger","SubCategory":"Startup","Category":"Postgres"}
{"level":"info","ts":"2023-08-31T08:59:05.781+0330","caller":"migrations/1_init.go:47","msg":"added tabels","AppName":"MyApp","LoggerName":"ZapLogger","Category":"Postgres","SubCategory":"Insert"}
{"level":"info","ts":"2023-08-31T09:01:34.285+0330","caller":"db/postgres.go:40","msg":"postgres started","AppName":"MyApp","LoggerName":"ZapLogger","Category":"Postgres","SubCategory":"Startup"}
{"level":"info","ts":"2023-08-31T09:09:24.208+0330","caller":"db/postgres.go:40","msg":"postgres started","AppName":"MyApp","LoggerName":"ZapLogger","Category":"Postgres","SubCategory":"Startup"}
{"level":"info","ts":"2023-08-31T09:09:24.235+0330","caller":"migrations/1_init.go:47","msg":"added tables","AppName":"MyApp","LoggerName":"ZapLogger","Category":"Postgres","SubCategory":"Insert"}
{"level":"info","ts":"2023-08-31T09:10:17.726+0330","caller":"db/postgres.go:40","msg":"postgres started","AppName":"MyApp","LoggerName":"ZapLogger","Category":"Postgres","SubCategory":"Startup"}
{"level":"info","ts":"2023-08-31T09:10:17.743+0330","caller":"migrations/1_init.go:47","msg":"added tables","AppName":"MyApp","LoggerName":"ZapLogger","Category":"Postgres","SubCategory":"Insert"}
{"level":"fatal","ts":"2023-09-03T09:23:19.127+0330","caller":"cmd/main.go:21","msg":"redis Failed:\tdial tcp [::1]:6379: connectex: No connection could be made because the target machine actively refused it.","AppName":"MyApp","LoggerName":"ZapLogger","SubCategory":"Startup","Category":"Redis","stacktrace":"main.main\n\tD:/Code/go-api/W-API/src/cmd/main.go:21\nruntime.main\n\tC:/Program Files/Go/src/runtime/proc.go:250"}
{"level":"info","ts":"2023-09-03T09:24:36.114+0330","caller":"db/postgres.go:40","msg":"postgres started","AppName":"MyApp","LoggerName":"ZapLogger","Category":"Postgres","SubCategory":"Startup"}
{"level":"info","ts":"2023-09-03T09:24:36.200+0330","caller":"migrations/1_init.go:48","msg":"added tables","AppName":"MyApp","LoggerName":"ZapLogger","Category":"Postgres","SubCategory":"Insert"}
{"level":"info","ts":"2023-09-03T09:33:06.758+0330","caller":"db/postgres.go:40","msg":"postgres started","AppName":"MyApp","LoggerName":"ZapLogger","Category":"Postgres","SubCategory":"Startup"}
{"level":"info","ts":"2023-09-03T09:33:06.773+0330","caller":"migrations/1_init.go:48","msg":"added tables","AppName":"MyApp","LoggerName":"ZapLogger","Category":"Postgres","SubCategory":"Insert"}
{"level":"info","ts":"2023-09-03T10:10:15.701+0330","caller":"db/postgres.go:40","msg":"postgres started","AppName":"MyApp","LoggerName":"ZapLogger","Category":"Postgres","SubCategory":"Startup"}
{"level":"info","ts":"2023-09-03T10:10:15.714+0330","caller":"migrations/1_init.go:48","msg":"added tables","AppName":"MyApp","LoggerName":"ZapLogger","Category":"Postgres","SubCategory":"Insert"}
{"level":"info","ts":"2023-09-03T10:13:41.195+0330","caller":"db/postgres.go:40","msg":"postgres started","AppName":"MyApp","LoggerName":"ZapLogger","Category":"Postgres","SubCategory":"Startup"}
{"level":"info","ts":"2023-09-03T10:13:41.210+0330","caller":"migrations/1_init.go:48","msg":"added tables","AppName":"MyApp","LoggerName":"ZapLogger","SubCategory":"Insert","Category":"Postgres"}
{"level":"info","ts":"2023-09-03T10:34:54.569+0330","caller":"db/postgres.go:40","msg":"postgres started","AppName":"MyApp","LoggerName":"ZapLogger","Category":"Postgres","SubCategory":"Startup"}
{"level":"info","ts":"2023-09-03T10:34:54.586+0330","caller":"migrations/1_init.go:48","msg":"added tables","AppName":"MyApp","LoggerName":"ZapLogger","Category":"Postgres","SubCategory":"Insert"}
{"level":"info","ts":"2023-09-03T10:37:19.183+0330","caller":"db/postgres.go:40","msg":"postgres started","AppName":"MyApp","LoggerName":"ZapLogger","Category":"Postgres","SubCategory":"Startup"}
{"level":"info","ts":"2023-09-03T10:37:19.200+0330","caller":"migrations/1_init.go:48","msg":"added tables","AppName":"MyApp","LoggerName":"ZapLogger","Category":"Postgres","SubCategory":"Insert"}
{"level":"info","ts":"2023-09-03T10:38:40.906+0330","caller":"db/postgres.go:40","msg":"postgres started","AppName":"MyApp","LoggerName":"ZapLogger","Category":"Postgres","SubCategory":"Startup"}
{"level":"info","ts":"2023-09-03T10:38:40.922+0330","caller":"migrations/1_init.go:48","msg":"added tables","AppName":"MyApp","LoggerName":"ZapLogger","Category":"Postgres","SubCategory":"Insert"}
{"level":"info","ts":"2023-09-03T10:40:20.473+0330","caller":"db/postgres.go:40","msg":"postgres started","AppName":"MyApp","LoggerName":"ZapLogger","Category":"Postgres","SubCategory":"Startup"}
{"level":"info","ts":"2023-09-03T10:40:20.486+0330","caller":"migrations/1_init.go:48","msg":"added tables","AppName":"MyApp","LoggerName":"ZapLogger","SubCategory":"Insert","Category":"Postgres"}
{"level":"info","ts":"2023-09-03T10:41:41.601+0330","caller":"db/postgres.go:40","msg":"postgres started","AppName":"MyApp","LoggerName":"ZapLogger","SubCategory":"Startup","Category":"Postgres"}
{"level":"info","ts":"2023-09-03T10:41:41.616+0330","caller":"migrations/1_init.go:48","msg":"added tables","AppName":"MyApp","LoggerName":"ZapLogger","Category":"Postgres","SubCategory":"Insert"}
{"level":"info","ts":"2023-09-03T10:42:30.759+0330","caller":"db/postgres.go:40","msg":"postgres started","AppName":"MyApp","LoggerName":"ZapLogger","Category":"Postgres","SubCategory":"Startup"}
{"level":"info","ts":"2023-09-03T10:42:30.788+0330","caller":"migrations/1_init.go:48","msg":"added tables","AppName":"MyApp","LoggerName":"ZapLogger","Category":"Postgres","SubCategory":"Insert"}
{"level":"info","ts":"2023-09-04T09:27:19.349+0330","caller":"db/postgres.go:40","msg":"postgres started","AppName":"MyApp","LoggerName":"ZapLogger","Category":"Postgres","SubCategory":"Startup"}
{"level":"info","ts":"2023-09-04T09:27:19.439+0330","caller":"migrations/1_init.go:48","msg":"added tables","AppName":"MyApp","LoggerName":"ZapLogger","SubCategory":"Insert","Category":"Postgres"}
{"level":"info","ts":"2023-09-04T09:29:04.535+0330","caller":"db/postgres.go:40","msg":"postgres started","AppName":"MyApp","LoggerName":"ZapLogger","Category":"Postgres","SubCategory":"Startup"}
{"level":"info","ts":"2023-09-04T09:29:04.554+0330","caller":"migrations/1_init.go:48","msg":"added tables","AppName":"MyApp","LoggerName":"ZapLogger","Category":"Postgres","SubCategory":"Insert"}
{"level":"info","ts":"2023-09-04T12:39:28.802+0330","caller":"db/postgres.go:40","msg":"postgres started","AppName":"MyApp","LoggerName":"ZapLogger","Category":"Postgres","SubCategory":"Startup"}
{"level":"info","ts":"2023-09-04T12:39:28.820+0330","caller":"migrations/1_init.go:48","msg":"added tables","AppName":"MyApp","LoggerName":"ZapLogger","Category":"Postgres","SubCategory":"Insert"}
{"level":"info","ts":"2023-09-04T12:41:01.179+0330","caller":"db/postgres.go:40","msg":"postgres started","AppName":"MyApp","LoggerName":"ZapLogger","Category":"Postgres","SubCategory":"Startup"}
{"level":"info","ts":"2023-09-04T12:41:01.194+0330","caller":"migrations/1_init.go:48","msg":"added tables","AppName":"MyApp","LoggerName":"ZapLogger","Category":"Postgres","SubCategory":"Insert"}
{"level":"info","ts":"2023-09-04T12:45:37.746+0330","caller":"db/postgres.go:40","msg":"postgres started","AppName":"MyApp","LoggerName":"ZapLogger","Category":"Postgres","SubCategory":"Startup"}
{"level":"info","ts":"2023-09-04T12:45:37.759+0330","caller":"migrations/1_init.go:48","msg":"added tables","AppName":"MyApp","LoggerName":"ZapLogger","Category":"Postgres","SubCategory":"Insert"}
{"level":"info","ts":"2023-09-04T12:52:36.468+0330","caller":"db/postgres.go:40","msg":"postgres started","AppName":"MyApp","LoggerName":"ZapLogger","Category":"Postgres","SubCategory":"Startup"}
{"level":"info","ts":"2023-09-04T12:52:36.487+0330","caller":"migrations/1_init.go:48","msg":"added tables","AppName":"MyApp","LoggerName":"ZapLogger","Category":"Postgres","SubCategory":"Insert"}
{"level":"info","ts":"2023-09-04T18:52:49.035+0330","caller":"db/postgres.go:40","msg":"postgres started","AppName":"MyApp","LoggerName":"ZapLogger","SubCategory":"Startup","Category":"Postgres"}
{"level":"info","ts":"2023-09-04T18:52:49.053+0330","caller":"migrations/1_init.go:48","msg":"added tables","AppName":"MyApp","LoggerName":"ZapLogger","Category":"Postgres","SubCategory":"Insert"}
{"level":"info","ts":"2023-09-05T10:57:33.691+0330","caller":"db/postgres.go:40","msg":"postgres started","AppName":"MyApp","LoggerName":"ZapLogger","Category":"Postgres","SubCategory":"Startup"}
{"level":"info","ts":"2023-09-05T10:57:33.783+0330","caller":"migrations/1_init.go:48","msg":"added tables","AppName":"MyApp","LoggerName":"ZapLogger","Category":"Postgres","SubCategory":"Insert"}
{"level":"info","ts":"2023-09-05T10:59:23.940+0330","caller":"db/postgres.go:40","msg":"postgres started","AppName":"MyApp","LoggerName":"ZapLogger","Category":"Postgres","SubCategory":"Startup"}
{"level":"info","ts":"2023-09-05T10:59:23.955+0330","caller":"migrations/1_init.go:48","msg":"added tables","AppName":"MyApp","LoggerName":"ZapLogger","Category":"Postgres","SubCategory":"Insert"}
{"level":"info","ts":"2023-09-05T11:07:14.861+0330","caller":"db/postgres.go:40","msg":"postgres started","AppName":"MyApp","LoggerName":"ZapLogger","Category":"Postgres","SubCategory":"Startup"}
{"level":"info","ts":"2023-09-05T11:07:14.892+0330","caller":"migrations/1_init.go:48","msg":"added tables","AppName":"MyApp","LoggerName":"ZapLogger","Category":"Postgres","SubCategory":"Insert"}
{"level":"error","ts":"2023-09-05T11:07:35.132+0330","caller":"services/country_service.go:109","msg":"cant delete country","AppName":"MyApp","LoggerName":"ZapLogger","Category":"Postgres","SubCategory":"Get","stacktrace":"wapi/src/services.(*CountryService).GetCountryById\n\tD:/Code/go/Web-api/W-API/src/services/country_service.go:109\nwapi/src/api/handler.(*CountryHandler).GetCountryById\n\tD:/Code/go/Web-api/W-API/src/api/handler/country.go:82\ngithub.com/gin-gonic/gin.(*Context).Next\n\tC:/Users/arshi/go/pkg/mod/github.com/gin-gonic/gin@v1.9.1/context.go:174\nwapi/src/api/middleware.Authorization.func1\n\tD:/Code/go/Web-api/W-API/src/api/middleware/auth.go:70\ngithub.com/gin-gonic/gin.(*Context).Next\n\tC:/Users/arshi/go/pkg/mod/github.com/gin-gonic/gin@v1.9.1/context.go:174\nwapi/src/api/middleware.Authentication.func1\n\tD:/Code/go/Web-api/W-API/src/api/middleware/auth.go:48\ngithub.com/gin-gonic/gin.(*Context).Next\n\tC:/Users/arshi/go/pkg/mod/github.com/gin-gonic/gin@v1.9.1/context.go:174\nwapi/src/api/middleware.Cors.func1\n\tD:/Code/go/Web-api/W-API/src/api/middleware/cors.go:21\ngithub.com/gin-gonic/gin.(*Context).Next\n\tC:/Users/arshi/go/pkg/mod/github.com/gin-gonic/gin@v1.9.1/context.go:174\nwapi/src/api/middleware.LimitByRequest.func1\n\tD:/Code/go/Web-api/W-API/src/api/middleware/limiter.go:21\ngithub.com/gin-gonic/gin.(*Context).Next\n\tC:/Users/arshi/go/pkg/mod/github.com/gin-gonic/gin@v1.9.1/context.go:174\ngithub.com/gin-gonic/gin.CustomRecoveryWithWriter.func1\n\tC:/Users/arshi/go/pkg/mod/github.com/gin-gonic/gin@v1.9.1/recovery.go:102\ngithub.com/gin-gonic/gin.(*Context).Next\n\tC:/Users/arshi/go/pkg/mod/github.com/gin-gonic/gin@v1.9.1/context.go:174\ngithub.com/gin-gonic/gin.LoggerWithConfig.func1\n\tC:/Users/arshi/go/pkg/mod/github.com/gin-gonic/gin@v1.9.1/logger.go:240\ngithub.com/gin-gonic/gin.(*Context).Next\n\tC:/Users/arshi/go/pkg/mod/github.com/gin-gonic/gin@v1.9.1/context.go:174\ngithub.com/gin-gonic/gin.(*Engine).handleHTTPRequest\n\tC:/Users/arshi/go/pkg/mod/github.com/gin-gonic/gin@v1.9.1/gin.go:620\ngithub.com/gin-gonic/gin.(*Engine).ServeHTTP\n\tC:/Users/arshi/go/pkg/mod/github.com/gin-gonic/gin@v1.9.1/gin.go:576\nnet/http.serverHandler.ServeHTTP\n\tC:/Program Files/Go/src/net/http/server.go:2936\nnet/http.(*conn).serve\n\tC:/Program Files/Go/src/net/http/server.go:1995"}
{"level":"info","ts":"2023-09-05T11:08:05.439+0330","caller":"db/postgres.go:40","msg":"postgres started","AppName":"MyApp","LoggerName":"ZapLogger","Category":"Postgres","SubCategory":"Startup"}
{"level":"info","ts":"2023-09-05T11:08:05.456+0330","caller":"migrations/1_init.go:48","msg":"added tables","AppName":"MyApp","LoggerName":"ZapLogger","Category":"Postgres","SubCategory":"Insert"}
{"level":"error","ts":"2023-09-05T11:08:09.932+0330","caller":"services/country_service.go:109","msg":"cant delete country","AppName":"MyApp","LoggerName":"ZapLogger","Category":"Postgres","SubCategory":"Get","stacktrace":"wapi/src/services.(*CountryService).GetCountryById\n\tD:/Code/go/Web-api/W-API/src/services/country_service.go:109\nwapi/src/api/handler.(*CountryHandler).GetCountryById\n\tD:/Code/go/Web-api/W-API/src/api/handler/country.go:82\ngithub.com/gin-gonic/gin.(*Context).Next\n\tC:/Users/arshi/go/pkg/mod/github.com/gin-gonic/gin@v1.9.1/context.go:174\nwapi/src/api/middleware.Authorization.func1\n\tD:/Code/go/Web-api/W-API/src/api/middleware/auth.go:70\ngithub.com/gin-gonic/gin.(*Context).Next\n\tC:/Users/arshi/go/pkg/mod/github.com/gin-gonic/gin@v1.9.1/context.go:174\nwapi/src/api/middleware.Authentication.func1\n\tD:/Code/go/Web-api/W-API/src/api/middleware/auth.go:48\ngithub.com/gin-gonic/gin.(*Context).Next\n\tC:/Users/arshi/go/pkg/mod/github.com/gin-gonic/gin@v1.9.1/context.go:174\nwapi/src/api/middleware.Cors.func1\n\tD:/Code/go/Web-api/W-API/src/api/middleware/cors.go:21\ngithub.com/gin-gonic/gin.(*Context).Next\n\tC:/Users/arshi/go/pkg/mod/github.com/gin-gonic/gin@v1.9.1/context.go:174\nwapi/src/api/middleware.LimitByRequest.func1\n\tD:/Code/go/Web-api/W-API/src/api/middleware/limiter.go:21\ngithub.com/gin-gonic/gin.(*Context).Next\n\tC:/Users/arshi/go/pkg/mod/github.com/gin-gonic/gin@v1.9.1/context.go:174\ngithub.com/gin-gonic/gin.CustomRecoveryWithWriter.func1\n\tC:/Users/arshi/go/pkg/mod/github.com/gin-gonic/gin@v1.9.1/recovery.go:102\ngithub.com/gin-gonic/gin.(*Context).Next\n\tC:/Users/arshi/go/pkg/mod/github.com/gin-gonic/gin@v1.9.1/context.go:174\ngithub.com/gin-gonic/gin.LoggerWithConfig.func1\n\tC:/Users/arshi/go/pkg/mod/github.com/gin-gonic/gin@v1.9.1/logger.go:240\ngithub.com/gin-gonic/gin.(*Context).Next\n\tC:/Users/arshi/go/pkg/mod/github.com/gin-gonic/gin@v1.9.1/context.go:174\ngithub.com/gin-gonic/gin.(*Engine).handleHTTPRequest\n\tC:/Users/arshi/go/pkg/mod/github.com/gin-gonic/gin@v1.9.1/gin.go:620\ngithub.com/gin-gonic/gin.(*Engine).ServeHTTP\n\tC:/Users/arshi/go/pkg/mod/github.com/gin-gonic/gin@v1.9.1/gin.go:576\nnet/http.serverHandler.ServeHTTP\n\tC:/Program Files/Go/src/net/http/server.go:2936\nnet/http.(*conn).serve\n\tC:/Program Files/Go/src/net/http/server.go:1995"}
{"level":"info","ts":"2023-09-05T11:10:34.000+0330","caller":"db/postgres.go:40","msg":"postgres started","AppName":"MyApp","LoggerName":"ZapLogger","Category":"Postgres","SubCategory":"Startup"}
{"level":"info","ts":"2023-09-05T11:10:34.017+0330","caller":"migrations/1_init.go:48","msg":"added tables","AppName":"MyApp","LoggerName":"ZapLogger","Category":"Postgres","SubCategory":"Insert"}
{"level":"info","ts":"2023-09-05T11:10:48.100+0330","caller":"db/postgres.go:40","msg":"postgres started","AppName":"MyApp","LoggerName":"ZapLogger","Category":"Postgres","SubCategory":"Startup"}
{"level":"info","ts":"2023-09-05T11:10:48.118+0330","caller":"migrations/1_init.go:48","msg":"added tables","AppName":"MyApp","LoggerName":"ZapLogger","Category":"Postgres","SubCategory":"Insert"}
{"level":"error","ts":"2023-09-05T11:12:46.058+0330","caller":"services/country_service.go:106","msg":"cant delete country","AppName":"MyApp","LoggerName":"ZapLogger","Category":"Postgres","SubCategory":"Get","stacktrace":"wapi/src/services.(*CountryService).GetCountryById\n\tD:/Code/go/Web-api/W-API/src/services/country_service.go:106\nwapi/src/api/handler.(*CountryHandler).GetCountryById\n\tD:/Code/go/Web-api/W-API/src/api/handler/country.go:82\ngithub.com/gin-gonic/gin.(*Context).Next\n\tC:/Users/arshi/go/pkg/mod/github.com/gin-gonic/gin@v1.9.1/context.go:174\nwapi/src/api/middleware.Authorization.func1\n\tD:/Code/go/Web-api/W-API/src/api/middleware/auth.go:70\ngithub.com/gin-gonic/gin.(*Context).Next\n\tC:/Users/arshi/go/pkg/mod/github.com/gin-gonic/gin@v1.9.1/context.go:174\nwapi/src/api/middleware.Authentication.func1\n\tD:/Code/go/Web-api/W-API/src/api/middleware/auth.go:48\ngithub.com/gin-gonic/gin.(*Context).Next\n\tC:/Users/arshi/go/pkg/mod/github.com/gin-gonic/gin@v1.9.1/context.go:174\nwapi/src/api/middleware.Cors.func1\n\tD:/Code/go/Web-api/W-API/src/api/middleware/cors.go:21\ngithub.com/gin-gonic/gin.(*Context).Next\n\tC:/Users/arshi/go/pkg/mod/github.com/gin-gonic/gin@v1.9.1/context.go:174\nwapi/src/api/middleware.LimitByRequest.func1\n\tD:/Code/go/Web-api/W-API/src/api/middleware/limiter.go:21\ngithub.com/gin-gonic/gin.(*Context).Next\n\tC:/Users/arshi/go/pkg/mod/github.com/gin-gonic/gin@v1.9.1/context.go:174\ngithub.com/gin-gonic/gin.CustomRecoveryWithWriter.func1\n\tC:/Users/arshi/go/pkg/mod/github.com/gin-gonic/gin@v1.9.1/recovery.go:102\ngithub.com/gin-gonic/gin.(*Context).Next\n\tC:/Users/arshi/go/pkg/mod/github.com/gin-gonic/gin@v1.9.1/context.go:174\ngithub.com/gin-gonic/gin.LoggerWithConfig.func1\n\tC:/Users/arshi/go/pkg/mod/github.com/gin-gonic/gin@v1.9.1/logger.go:240\ngithub.com/gin-gonic/gin.(*Context).Next\n\tC:/Users/arshi/go/pkg/mod/github.com/gin-gonic/gin@v1.9.1/context.go:174\ngithub.com/gin-gonic/gin.(*Engine).handleHTTPRequest\n\tC:/Users/arshi/go/pkg/mod/github.com/gin-gonic/gin@v1.9.1/gin.go:620\ngithub.com/gin-gonic/gin.(*Engine).ServeHTTP\n\tC:/Users/arshi/go/pkg/mod/github.com/gin-gonic/gin@v1.9.1/gin.go:576\nnet/http.serverHandler.ServeHTTP\n\tC:/Program Files/Go/src/net/http/server.go:2936\nnet/http.(*conn).serve\n\tC:/Program Files/Go/src/net/http/server.go:1995"}
{"level":"info","ts":"2023-09-05T12:22:22.274+0330","caller":"db/postgres.go:40","msg":"postgres started","AppName":"MyApp","LoggerName":"ZapLogger","Category":"Postgres","SubCategory":"Startup"}
{"level":"info","ts":"2023-09-05T12:22:22.286+0330","caller":"migrations/1_init.go:48","msg":"added tables","AppName":"MyApp","LoggerName":"ZapLogger","Category":"Postgres","SubCategory":"Insert"}
{"level":"info","ts":"2023-09-05T12:37:34.300+0330","caller":"db/postgres.go:40","msg":"postgres started","AppName":"MyApp","LoggerName":"ZapLogger","Category":"Postgres","SubCategory":"Startup"}
{"level":"info","ts":"2023-09-05T12:37:34.317+0330","caller":"migrations/1_init.go:48","msg":"added tables","AppName":"MyApp","LoggerName":"ZapLogger","SubCategory":"Insert","Category":"Postgres"}
{"level":"info","ts":"2023-09-05T12:39:04.432+0330","caller":"db/postgres.go:40","msg":"postgres started","AppName":"MyApp","LoggerName":"ZapLogger","Category":"Postgres","SubCategory":"Startup"}
{"level":"info","ts":"2023-09-05T12:39:04.444+0330","caller":"migrations/1_init.go:48","msg":"added tables","AppName":"MyApp","LoggerName":"ZapLogger","SubCategory":"Insert","Category":"Postgres"}
{"level":"info","ts":"2023-09-05T12:40:25.842+0330","caller":"db/postgres.go:40","msg":"postgres started","AppName":"MyApp","LoggerName":"ZapLogger","SubCategory":"Startup","Category":"Postgres"}
{"level":"info","ts":"2023-09-05T12:40:25.855+0330","caller":"migrations/1_init.go:48","msg":"added tables","AppName":"MyApp","LoggerName":"ZapLogger","Category":"Postgres","SubCategory":"Insert"}
{"level":"info","ts":"2023-09-05T12:41:36.638+0330","caller":"db/postgres.go:40","msg":"postgres started","AppName":"MyApp","LoggerName":"ZapLogger","Category":"Postgres","SubCategory":"Startup"}
{"level":"info","ts":"2023-09-05T12:41:36.652+0330","caller":"migrations/1_init.go:48","msg":"added tables","AppName":"MyApp","LoggerName":"ZapLogger","Category":"Postgres","SubCategory":"Insert"}
{"level":"info","ts":"2023-09-05T13:18:25.839+0330","caller":"db/postgres.go:40","msg":"postgres started","AppName":"MyApp","LoggerName":"ZapLogger","Category":"Postgres","SubCategory":"Startup"}
{"level":"info","ts":"2023-09-05T13:18:25.849+0330","caller":"migrations/1_init.go:49","msg":"added tables","AppName":"MyApp","LoggerName":"ZapLogger","Category":"Postgres","SubCategory":"Insert"}
{"level":"info","ts":"2023-09-06T10:23:56.467+0330","caller":"db/postgres.go:40","msg":"postgres started","AppName":"MyApp","LoggerName":"ZapLogger","Category":"Postgres","SubCategory":"Startup"}
{"level":"info","ts":"2023-09-06T10:23:56.533+0330","caller":"migrations/1_init.go:49","msg":"added tables","AppName":"MyApp","LoggerName":"ZapLogger","Category":"Postgres","SubCategory":"Insert"}
{"level":"info","ts":"2023-09-06T18:13:39.508+0330","caller":"db/postgres.go:40","msg":"postgres started","AppName":"MyApp","LoggerName":"ZapLogger","Category":"Postgres","SubCategory":"Startup"}
{"level":"info","ts":"2023-09-06T18:13:39.517+0330","caller":"migrations/1_init.go:49","msg":"added tables","AppName":"MyApp","LoggerName":"ZapLogger","Category":"Postgres","SubCategory":"Insert"}
{"level":"info","ts":"2023-09-06T18:20:36.799+0330","caller":"db/postgres.go:40","msg":"postgres started","AppName":"MyApp","LoggerName":"ZapLogger","Category":"Postgres","SubCategory":"Startup"}
{"level":"info","ts":"2023-09-06T18:20:36.810+0330","caller":"migrations/1_init.go:49","msg":"added tables","AppName":"MyApp","LoggerName":"ZapLogger","Category":"Postgres","SubCategory":"Insert"}
{"level":"fatal","ts":"2023-09-07T10:01:50.355+0330","caller":"cmd/main.go:21","msg":"redis Failed:\tdial tcp [::1]:6379: connectex: No connection could be made because the target machine actively refused it.","AppName":"MyApp","LoggerName":"ZapLogger","Category":"Redis","SubCategory":"Startup","stacktrace":"main.main\n\tD:/Code/go/Web-api/W-API/src/cmd/main.go:21\nruntime.main\n\tC:/Program Files/Go/src/runtime/proc.go:250"}
{"level":"info","ts":"2023-09-07T10:04:01.125+0330","caller":"db/postgres.go:40","msg":"postgres started","AppName":"MyApp","LoggerName":"ZapLogger","Category":"Postgres","SubCategory":"Startup"}
{"level":"info","ts":"2023-09-07T10:04:01.185+0330","caller":"migrations/1_init.go:49","msg":"added tables","AppName":"MyApp","LoggerName":"ZapLogger","Category":"Postgres","SubCategory":"Insert"}
{"level":"info","ts":"2023-09-07T10:13:35.005+0330","caller":"db/postgres.go:40","msg":"postgres started","AppName":"MyApp","LoggerName":"ZapLogger","SubCategory":"Startup","Category":"Postgres"}
{"level":"info","ts":"2023-09-07T10:13:35.016+0330","caller":"migrations/1_init.go:49","msg":"added tables","AppName":"MyApp","LoggerName":"ZapLogger","Category":"Postgres","SubCategory":"Insert"}
{"level":"info","ts":"2023-09-07T10:17:18.477+0330","caller":"db/postgres.go:40","msg":"postgres started","AppName":"MyApp","LoggerName":"ZapLogger","Category":"Postgres","SubCategory":"Startup"}
{"level":"info","ts":"2023-09-07T10:17:18.488+0330","caller":"migrations/1_init.go:49","msg":"added tables","AppName":"MyApp","LoggerName":"ZapLogger","Category":"Postgres","SubCategory":"Insert"}
{"level":"info","ts":"2023-09-07T10:18:37.577+0330","caller":"db/postgres.go:40","msg":"postgres started","AppName":"MyApp","LoggerName":"ZapLogger","Category":"Postgres","SubCategory":"Startup"}
{"level":"info","ts":"2023-09-07T10:18:37.587+0330","caller":"migrations/1_init.go:49","msg":"added tables","AppName":"MyApp","LoggerName":"ZapLogger","Category":"Postgres","SubCategory":"Insert"}
{"level":"info","ts":"2023-09-07T10:21:05.676+0330","caller":"db/postgres.go:40","msg":"postgres started","AppName":"MyApp","LoggerName":"ZapLogger","Category":"Postgres","SubCategory":"Startup"}
{"level":"info","ts":"2023-09-07T10:21:05.687+0330","caller":"migrations/1_init.go:49","msg":"added tables","AppName":"MyApp","LoggerName":"ZapLogger","Category":"Postgres","SubCategory":"Insert"}
{"level":"info","ts":"2023-09-07T10:30:28.881+0330","caller":"db/postgres.go:40","msg":"postgres started","AppName":"MyApp","LoggerName":"ZapLogger","SubCategory":"Startup","Category":"Postgres"}
{"level":"info","ts":"2023-09-07T10:30:28.919+0330","caller":"migrations/1_init.go:49","msg":"added tables","AppName":"MyApp","LoggerName":"ZapLogger","Category":"Postgres","SubCategory":"Insert"}
{"level":"info","ts":"2023-09-07T10:34:57.916+0330","caller":"db/postgres.go:40","msg":"postgres started","AppName":"MyApp","LoggerName":"ZapLogger","Category":"Postgres","SubCategory":"Startup"}
{"level":"info","ts":"2023-09-07T10:34:57.926+0330","caller":"migrations/1_init.go:49","msg":"added tables","AppName":"MyApp","LoggerName":"ZapLogger","Category":"Postgres","SubCategory":"Insert"}
{"level":"info","ts":"2023-09-07T10:39:16.071+0330","caller":"db/postgres.go:40","msg":"postgres started","AppName":"MyApp","LoggerName":"ZapLogger","Category":"Postgres","SubCategory":"Startup"}
{"level":"info","ts":"2023-09-07T10:39:16.081+0330","caller":"migrations/1_init.go:49","msg":"added tables","AppName":"MyApp","LoggerName":"ZapLogger","Category":"Postgres","SubCategory":"Insert"}
{"level":"info","ts":"2023-09-07T10:40:22.800+0330","caller":"db/postgres.go:40","msg":"postgres started","AppName":"MyApp","LoggerName":"ZapLogger","SubCategory":"Startup","Category":"Postgres"}
{"level":"info","ts":"2023-09-07T10:40:22.810+0330","caller":"migrations/1_init.go:49","msg":"added tables","AppName":"MyApp","LoggerName":"ZapLogger","Category":"Postgres","SubCategory":"Insert"}
{"level":"info","ts":"2023-09-07T10:46:12.175+0330","caller":"db/postgres.go:40","msg":"postgres started","AppName":"MyApp","LoggerName":"ZapLogger","Category":"Postgres","SubCategory":"Startup"}
{"level":"info","ts":"2023-09-07T10:46:12.192+0330","caller":"migrations/1_init.go:49","msg":"added tables","AppName":"MyApp","LoggerName":"ZapLogger","Category":"Postgres","SubCategory":"Insert"}
{"level":"info","ts":"2023-09-07T10:46:52.139+0330","caller":"db/postgres.go:40","msg":"postgres started","AppName":"MyApp","LoggerName":"ZapLogger","Category":"Postgres","SubCategory":"Startup"}
{"level":"info","ts":"2023-09-07T10:46:52.149+0330","caller":"migrations/1_init.go:49","msg":"added tables","AppName":"MyApp","LoggerName":"ZapLogger","Category":"Postgres","SubCategory":"Insert"}
{"level":"info","ts":"2023-09-07T10:47:37.882+0330","caller":"db/postgres.go:40","msg":"postgres started","AppName":"MyApp","LoggerName":"ZapLogger","Category":"Postgres","SubCategory":"Startup"}
{"level":"info","ts":"2023-09-07T10:47:37.891+0330","caller":"migrations/1_init.go:49","msg":"added tables","AppName":"MyApp","LoggerName":"ZapLogger","Category":"Postgres","SubCategory":"Insert"}
{"level":"info","ts":"2023-09-07T10:47:56.315+0330","caller":"db/postgres.go:40","msg":"postgres started","AppName":"MyApp","LoggerName":"ZapLogger","Category":"Postgres","SubCategory":"Startup"}
{"level":"info","ts":"2023-09-07T10:47:56.325+0330","caller":"migrations/1_init.go:49","msg":"added tables","AppName":"MyApp","LoggerName":"ZapLogger","Category":"Postgres","SubCategory":"Insert"}
{"level":"info","ts":"2023-09-07T11:03:54.625+0330","caller":"db/postgres.go:40","msg":"postgres started","AppName":"MyApp","LoggerName":"ZapLogger","Category":"Postgres","SubCategory":"Startup"}
{"level":"info","ts":"2023-09-07T11:03:54.635+0330","caller":"migrations/1_init.go:49","msg":"added tables","AppName":"MyApp","LoggerName":"ZapLogger","Category":"Postgres","SubCategory":"Insert"}
{"level":"info","ts":"2023-09-07T11:07:40.243+0330","caller":"db/postgres.go:40","msg":"postgres started","AppName":"MyApp","LoggerName":"ZapLogger","Category":"Postgres","SubCategory":"Startup"}
{"level":"info","ts":"2023-09-07T11:07:40.252+0330","caller":"migrations/1_init.go:49","msg":"added tables","AppName":"MyApp","LoggerName":"ZapLogger","Category":"Postgres","SubCategory":"Insert"}
{"level":"info","ts":"2023-09-07T11:09:01.344+0330","caller":"db/postgres.go:40","msg":"postgres started","AppName":"MyApp","LoggerName":"ZapLogger","Category":"Postgres","SubCategory":"Startup"}
{"level":"info","ts":"2023-09-07T11:09:01.353+0330","caller":"migrations/1_init.go:49","msg":"added tables","AppName":"MyApp","LoggerName":"ZapLogger","Category":"Postgres","SubCategory":"Insert"}
{"level":"info","ts":"2023-09-07T11:10:51.581+0330","caller":"db/postgres.go:40","msg":"postgres started","AppName":"MyApp","LoggerName":"ZapLogger","Category":"Postgres","SubCategory":"Startup"}
{"level":"info","ts":"2023-09-07T11:10:51.592+0330","caller":"migrations/1_init.go:49","msg":"added tables","AppName":"MyApp","LoggerName":"ZapLogger","Category":"Postgres","SubCategory":"Insert"}
{"level":"info","ts":"2023-09-07T11:12:24.833+0330","caller":"db/postgres.go:40","msg":"postgres started","AppName":"MyApp","LoggerName":"ZapLogger","Category":"Postgres","SubCategory":"Startup"}
{"level":"info","ts":"2023-09-07T11:12:24.842+0330","caller":"migrations/1_init.go:49","msg":"added tables","AppName":"MyApp","LoggerName":"ZapLogger","Category":"Postgres","SubCategory":"Insert"}
{"level":"info","ts":"2023-09-07T11:15:06.868+0330","caller":"db/postgres.go:40","msg":"postgres started","AppName":"MyApp","LoggerName":"ZapLogger","Category":"Postgres","SubCategory":"Startup"}
{"level":"info","ts":"2023-09-07T11:15:06.877+0330","caller":"migrations/1_init.go:49","msg":"added tables","AppName":"MyApp","LoggerName":"ZapLogger","Category":"Postgres","SubCategory":"Insert"}
{"level":"info","ts":"2023-09-07T11:17:39.135+0330","caller":"db/postgres.go:40","msg":"postgres started","AppName":"MyApp","LoggerName":"ZapLogger","Category":"Postgres","SubCategory":"Startup"}
{"level":"info","ts":"2023-09-07T11:17:39.146+0330","caller":"migrations/1_init.go:49","msg":"added tables","AppName":"MyApp","LoggerName":"ZapLogger","Category":"Postgres","SubCategory":"Insert"}
{"level":"info","ts":"2023-09-07T11:33:35.812+0330","caller":"db/postgres.go:40","msg":"postgres started","AppName":"MyApp","LoggerName":"ZapLogger","Category":"Postgres","SubCategory":"Startup"}
{"level":"info","ts":"2023-09-07T11:33:35.823+0330","caller":"migrations/1_init.go:49","msg":"added tables","AppName":"MyApp","LoggerName":"ZapLogger","Category":"Postgres","SubCategory":"Insert"}
{"level":"info","ts":"2023-09-07T12:24:52.667+0330","caller":"db/postgres.go:40","msg":"postgres started","AppName":"MyApp","LoggerName":"ZapLogger","Category":"Postgres","SubCategory":"Startup"}
{"level":"info","ts":"2023-09-07T12:29:01.595+0330","caller":"db/postgres.go:40","msg":"postgres started","AppName":"MyApp","LoggerName":"ZapLogger","Category":"Postgres","SubCategory":"Startup"}
{"level":"info","ts":"2023-09-07T12:29:01.605+0330","caller":"migrations/1_init.go:49","msg":"added tables","AppName":"MyApp","LoggerName":"ZapLogger","SubCategory":"Insert","Category":"Postgres"}
{"level":"info","ts":"2023-09-07T12:31:03.911+0330","caller":"db/postgres.go:40","msg":"postgres started","AppName":"MyApp","LoggerName":"ZapLogger","Category":"Postgres","SubCategory":"Startup"}
{"level":"info","ts":"2023-09-07T12:31:03.920+0330","caller":"migrations/1_init.go:49","msg":"added tables","AppName":"MyApp","LoggerName":"ZapLogger","Category":"Postgres","SubCategory":"Insert"}
{"level":"info","ts":"2023-09-07T12:36:30.044+0330","caller":"db/postgres.go:40","msg":"postgres started","AppName":"MyApp","LoggerName":"ZapLogger","Category":"Postgres","SubCategory":"Startup"}
{"level":"info","ts":"2023-09-07T12:36:30.055+0330","caller":"migrations/1_init.go:49","msg":"added tables","AppName":"MyApp","LoggerName":"ZapLogger","SubCategory":"Insert","Category":"Postgres"}
{"level":"info","ts":"2023-09-07T12:38:24.110+0330","caller":"db/postgres.go:40","msg":"postgres started","AppName":"MyApp","LoggerName":"ZapLogger","Category":"Postgres","SubCategory":"Startup"}
{"level":"info","ts":"2023-09-07T13:03:01.541+0330","caller":"db/postgres.go:40","msg":"postgres started","AppName":"MyApp","LoggerName":"ZapLogger","Category":"Postgres","SubCategory":"Startup"}
{"level":"info","ts":"2023-09-07T13:08:13.744+0330","caller":"db/postgres.go:40","msg":"postgres started","AppName":"MyApp","LoggerName":"ZapLogger","Category":"Postgres","SubCategory":"Startup"}
{"level":"info","ts":"2023-09-07T13:09:15.115+0330","caller":"db/postgres.go:40","msg":"postgres started","AppName":"MyApp","LoggerName":"ZapLogger","Category":"Postgres","SubCategory":"Startup"}
{"level":"info","ts":"2023-09-07T13:09:22.521+0330","caller":"db/postgres.go:40","msg":"postgres started","AppName":"MyApp","LoggerName":"ZapLogger","Category":"Postgres","SubCategory":"Startup"}
{"level":"info","ts":"2023-09-07T13:10:13.371+0330","caller":"db/postgres.go:40","msg":"postgres started","AppName":"MyApp","LoggerName":"ZapLogger","Category":"Postgres","SubCategory":"Startup"}
{"level":"info","ts":"2023-09-07T13:10:18.269+0330","caller":"db/postgres.go:40","msg":"postgres started","AppName":"MyApp","LoggerName":"ZapLogger","Category":"Postgres","SubCategory":"Startup"}
{"level":"info","ts":"2023-09-07T13:10:44.431+0330","caller":"db/postgres.go:40","msg":"postgres started","AppName":"MyApp","LoggerName":"ZapLogger","Category":"Postgres","SubCategory":"Startup"}
{"level":"info","ts":"2023-09-07T13:10:44.442+0330","caller":"migrations/1_init.go:49","msg":"added tables","AppName":"MyApp","LoggerName":"ZapLogger","Category":"Postgres","SubCategory":"Insert"}
{"level":"info","ts":"2023-09-07T13:17:55.575+0330","caller":"db/postgres.go:40","msg":"postgres started","AppName":"MyApp","LoggerName":"ZapLogger","Category":"Postgres","SubCategory":"Startup"}
{"level":"info","ts":"2023-09-07T13:17:55.609+0330","caller":"migrations/1_init.go:46","msg":"added tables","AppName":"MyApp","LoggerName":"ZapLogger","Category":"Postgres","SubCategory":"Insert"}
{"level":"info","ts":"2023-09-07T13:18:08.405+0330","caller":"db/postgres.go:40","msg":"postgres started","AppName":"MyApp","LoggerName":"ZapLogger","Category":"Postgres","SubCategory":"Startup"}
{"level":"info","ts":"2023-09-07T13:20:00.434+0330","caller":"db/postgres.go:40","msg":"postgres started","AppName":"MyApp","LoggerName":"ZapLogger","Category":"Postgres","SubCategory":"Startup"}
{"level":"info","ts":"2023-09-07T13:20:50.942+0330","caller":"db/postgres.go:40","msg":"postgres started","AppName":"MyApp","LoggerName":"ZapLogger","Category":"Postgres","SubCategory":"Startup"}
{"level":"info","ts":"2023-09-07T13:21:49.277+0330","caller":"db/postgres.go:40","msg":"postgres started","AppName":"MyApp","LoggerName":"ZapLogger","Category":"Postgres","SubCategory":"Startup"}
{"level":"info","ts":"2023-09-07T13:24:47.655+0330","caller":"db/postgres.go:40","msg":"postgres started","AppName":"MyApp","LoggerName":"ZapLogger","Category":"Postgres","SubCategory":"Startup"}
{"level":"error","ts":"2023-09-07T13:24:47.671+0330","caller":"migrations/1_init.go:51","msg":"cant add tabels","AppName":"MyApp","LoggerName":"ZapLogger","Category":"Postgres","SubCategory":"Insert","stacktrace":"wapi/src/data/db/migrations.createTables\n\tD:/Code/go/Web-api/W-API/src/data/db/migrations/1_init.go:51\nwapi/src/data/db/migrations.Up_1\n\tD:/Code/go/Web-api/W-API/src/data/db/migrations/1_init.go:19\nmain.main\n\tD:/Code/go/Web-api/W-API/src/cmd/main.go:31\nruntime.main\n\tC:/Program Files/Go/src/runtime/proc.go:250"}
{"level":"info","ts":"2023-09-07T13:25:59.006+0330","caller":"db/postgres.go:40","msg":"postgres started","AppName":"MyApp","LoggerName":"ZapLogger","Category":"Postgres","SubCategory":"Startup"}
{"level":"error","ts":"2023-09-07T13:25:59.025+0330","caller":"migrations/1_init.go:51","msg":"cant add tabels","AppName":"MyApp","LoggerName":"ZapLogger","Category":"Postgres","SubCategory":"Insert","stacktrace":"wapi/src/data/db/migrations.createTables\n\tD:/Code/go/Web-api/W-API/src/data/db/migrations/1_init.go:51\nwapi/src/data/db/migrations.Up_1\n\tD:/Code/go/Web-api/W-API/src/data/db/migrations/1_init.go:19\nmain.main\n\tD:/Code/go/Web-api/W-API/src/cmd/main.go:31\nruntime.main\n\tC:/Program Files/Go/src/runtime/proc.go:250"}
{"level":"info","ts":"2023-09-07T13:27:16.994+0330","caller":"db/postgres.go:40","msg":"postgres started","AppName":"MyApp","LoggerName":"ZapLogger","Category":"Postgres","SubCategory":"Startup"}
{"level":"error","ts":"2023-09-07T13:27:17.023+0330","caller":"migrations/1_init.go:51","msg":"cant add tabels","AppName":"MyApp","LoggerName":"ZapLogger","Category":"Postgres","SubCategory":"Insert","stacktrace":"wapi/src/data/db/migrations.createTables\n\tD:/Code/go/Web-api/W-API/src/data/db/migrations/1_init.go:51\nwapi/src/data/db/migrations.Up_1\n\tD:/Code/go/Web-api/W-API/src/data/db/migrations/1_init.go:19\nmain.main\n\tD:/Code/go/Web-api/W-API/src/cmd/main.go:31\nruntime.main\n\tC:/Program Files/Go/src/runtime/proc.go:250"}
{"level":"info","ts":"2023-09-07T13:27:36.674+0330","caller":"db/postgres.go:40","msg":"postgres started","AppName":"MyApp","LoggerName":"ZapLogger","Category":"Postgres","SubCategory":"Startup"}
{"level":"error","ts":"2023-09-07T13:27:36.700+0330","caller":"migrations/1_init.go:51","msg":"cant add tabels","AppName":"MyApp","LoggerName":"ZapLogger","SubCategory":"Insert","Category":"Postgres","stacktrace":"wapi/src/data/db/migrations.createTables\n\tD:/Code/go/Web-api/W-API/src/data/db/migrations/1_init.go:51\nwapi/src/data/db/migrations.Up_1\n\tD:/Code/go/Web-api/W-API/src/data/db/migrations/1_init.go:19\nmain.main\n\tD:/Code/go/Web-api/W-API/src/cmd/main.go:31\nruntime.main\n\tC:/Program Files/Go/src/runtime/proc.go:250"}
{"level":"info","ts":"2023-09-07T13:28:17.687+0330","caller":"db/postgres.go:40","msg":"postgres started","AppName":"MyApp","LoggerName":"ZapLogger","Category":"Postgres","SubCategory":"Startup"}
{"level":"error","ts":"2023-09-07T13:28:17.712+0330","caller":"migrations/1_init.go:51","msg":"cant add tabels","AppName":"MyApp","LoggerName":"ZapLogger","Category":"Postgres","SubCategory":"Insert","stacktrace":"wapi/src/data/db/migrations.createTables\n\tD:/Code/go/Web-api/W-API/src/data/db/migrations/1_init.go:51\nwapi/src/data/db/migrations.Up_1\n\tD:/Code/go/Web-api/W-API/src/data/db/migrations/1_init.go:19\nmain.main\n\tD:/Code/go/Web-api/W-API/src/cmd/main.go:31\nruntime.main\n\tC:/Program Files/Go/src/runtime/proc.go:250"}
{"level":"info","ts":"2023-09-07T13:28:49.969+0330","caller":"db/postgres.go:40","msg":"postgres started","AppName":"MyApp","LoggerName":"ZapLogger","Category":"Postgres","SubCategory":"Startup"}
{"level":"info","ts":"2023-09-07T13:28:50.006+0330","caller":"migrations/1_init.go:57","msg":"added tables","AppName":"MyApp","LoggerName":"ZapLogger","Category":"Postgres","SubCategory":"Insert"}
{"level":"info","ts":"2023-09-07T13:40:44.070+0330","caller":"db/postgres.go:40","msg":"postgres started","AppName":"MyApp","LoggerName":"ZapLogger","Category":"Postgres","SubCategory":"Startup"}
{"level":"info","ts":"2023-09-07T13:40:44.082+0330","caller":"migrations/1_init.go:57","msg":"added tables","AppName":"MyApp","LoggerName":"ZapLogger","Category":"Postgres","SubCategory":"Insert"}
{"level":"info","ts":"2023-09-07T13:45:00.488+0330","caller":"db/postgres.go:40","msg":"postgres started","AppName":"MyApp","LoggerName":"ZapLogger","Category":"Postgres","SubCategory":"Startup"}
{"level":"info","ts":"2023-09-07T13:45:00.499+0330","caller":"migrations/1_init.go:57","msg":"added tables","AppName":"MyApp","LoggerName":"ZapLogger","Category":"Postgres","SubCategory":"Insert"}
{"level":"error","ts":"2023-09-07T13:46:08.347+0330","caller":"services/base_service.go:51","msg":"cant add country","AppName":"MyApp","LoggerName":"ZapLogger","Category":"Postgres","SubCategory":"Insert","stacktrace":"wapi/src/services.(*BaseService[...]).Create\n\tD:/Code/go/Web-api/W-API/src/services/base_service.go:51\nwapi/src/services.(*CityService).GenericCreateCity\n\tD:/Code/go/Web-api/W-API/src/services/city_service.go:30\nwapi/src/api/handler.(*CityHandler).CreateCity\n\tD:/Code/go/Web-api/W-API/src/api/handler/cities.go:31\ngithub.com/gin-gonic/gin.(*Context).Next\n\tC:/Users/arshi/go/pkg/mod/github.com/gin-gonic/gin@v1.9.1/context.go:174\nwapi/src/api/middleware.Authentication.func1\n\tD:/Code/go/Web-api/W-API/src/api/middleware/auth.go:48\ngithub.com/gin-gonic/gin.(*Context).Next\n\tC:/Users/arshi/go/pkg/mod/github.com/gin-gonic/gin@v1.9.1/context.go:174\nwapi/src/api/middleware.Cors.func1\n\tD:/Code/go/Web-api/W-API/src/api/middleware/cors.go:21\ngithub.com/gin-gonic/gin.(*Context).Next\n\tC:/Users/arshi/go/pkg/mod/github.com/gin-gonic/gin@v1.9.1/context.go:174\nwapi/src/api/middleware.LimitByRequest.func1\n\tD:/Code/go/Web-api/W-API/src/api/middleware/limiter.go:21\ngithub.com/gin-gonic/gin.(*Context).Next\n\tC:/Users/arshi/go/pkg/mod/github.com/gin-gonic/gin@v1.9.1/context.go:174\ngithub.com/gin-gonic/gin.CustomRecoveryWithWriter.func1\n\tC:/Users/arshi/go/pkg/mod/github.com/gin-gonic/gin@v1.9.1/recovery.go:102\ngithub.com/gin-gonic/gin.(*Context).Next\n\tC:/Users/arshi/go/pkg/mod/github.com/gin-gonic/gin@v1.9.1/context.go:174\ngithub.com/gin-gonic/gin.LoggerWithConfig.func1\n\tC:/Users/arshi/go/pkg/mod/github.com/gin-gonic/gin@v1.9.1/logger.go:240\ngithub.com/gin-gonic/gin.(*Context).Next\n\tC:/Users/arshi/go/pkg/mod/github.com/gin-gonic/gin@v1.9.1/context.go:174\ngithub.com/gin-gonic/gin.(*Engine).handleHTTPRequest\n\tC:/Users/arshi/go/pkg/mod/github.com/gin-gonic/gin@v1.9.1/gin.go:620\ngithub.com/gin-gonic/gin.(*Engine).ServeHTTP\n\tC:/Users/arshi/go/pkg/mod/github.com/gin-gonic/gin@v1.9.1/gin.go:576\nnet/http.serverHandler.ServeHTTP\n\tC:/Program Files/Go/src/net/http/server.go:2936\nnet/http.(*conn).serve\n\tC:/Program Files/Go/src/net/http/server.go:1995"}
{"level":"info","ts":"2023-09-07T13:52:30.163+0330","caller":"db/postgres.go:40","msg":"postgres started","AppName":"MyApp","LoggerName":"ZapLogger","SubCategory":"Startup","Category":"Postgres"}
{"level":"info","ts":"2023-09-07T13:52:30.177+0330","caller":"migrations/1_init.go:57","msg":"added tables","AppName":"MyApp","LoggerName":"ZapLogger","SubCategory":"Insert","Category":"Postgres"}
{"level":"info","ts":"2023-09-07T13:56:17.382+0330","caller":"db/postgres.go:40","msg":"postgres started","AppName":"MyApp","LoggerName":"ZapLogger","Category":"Postgres","SubCategory":"Startup"}
{"level":"info","ts":"2023-09-07T13:56:17.397+0330","caller":"migrations/1_init.go:57","msg":"added tables","AppName":"MyApp","LoggerName":"ZapLogger","Category":"Postgres","SubCategory":"Insert"}
{"level":"info","ts":"2023-09-07T13:58:59.485+0330","caller":"db/postgres.go:40","msg":"postgres started","AppName":"MyApp","LoggerName":"ZapLogger","Category":"Postgres","SubCategory":"Startup"}
{"level":"info","ts":"2023-09-07T13:58:59.498+0330","caller":"migrations/1_init.go:57","msg":"added tables","AppName":"MyApp","LoggerName":"ZapLogger","Category":"Postgres","SubCategory":"Insert"}
{"level":"info","ts":"2023-09-07T14:02:16.773+0330","caller":"db/postgres.go:40","msg":"postgres started","AppName":"MyApp","LoggerName":"ZapLogger","Category":"Postgres","SubCategory":"Startup"}
{"level":"info","ts":"2023-09-07T14:02:16.785+0330","caller":"migrations/1_init.go:57","msg":"added tables","AppName":"MyApp","LoggerName":"ZapLogger","SubCategory":"Insert","Category":"Postgres"}
{"level":"info","ts":"2023-09-07T14:05:43.637+0330","caller":"db/postgres.go:40","msg":"postgres started","AppName":"MyApp","LoggerName":"ZapLogger","Category":"Postgres","SubCategory":"Startup"}
{"level":"info","ts":"2023-09-07T14:05:43.761+0330","caller":"migrations/1_init.go:62","msg":"added tables","AppName":"MyApp","LoggerName":"ZapLogger","Category":"Postgres","SubCategory":"Insert"}
{"level":"info","ts":"2023-09-07T14:09:36.986+0330","caller":"db/postgres.go:40","msg":"postgres started","AppName":"MyApp","LoggerName":"ZapLogger","Category":"Postgres","SubCategory":"Startup"}
{"level":"info","ts":"2023-09-07T14:09:36.998+0330","caller":"migrations/1_init.go:62","msg":"added tables","AppName":"MyApp","LoggerName":"ZapLogger","Category":"Postgres","SubCategory":"Insert"}
{"level":"info","ts":"2023-09-07T14:11:34.225+0330","caller":"db/postgres.go:40","msg":"postgres started","AppName":"MyApp","LoggerName":"ZapLogger","Category":"Postgres","SubCategory":"Startup"}
{"level":"info","ts":"2023-09-07T14:11:34.242+0330","caller":"migrations/1_init.go:62","msg":"added tables","AppName":"MyApp","LoggerName":"ZapLogger","Category":"Postgres","SubCategory":"Insert"}
{"level":"info","ts":"2023-09-07T14:13:01.286+0330","caller":"db/postgres.go:40","msg":"postgres started","AppName":"MyApp","LoggerName":"ZapLogger","Category":"Postgres","SubCategory":"Startup"}
{"level":"info","ts":"2023-09-07T14:13:01.300+0330","caller":"migrations/1_init.go:62","msg":"added tables","AppName":"MyApp","LoggerName":"ZapLogger","Category":"Postgres","SubCategory":"Insert"}
{"level":"info","ts":"2023-09-07T14:13:47.924+0330","caller":"db/postgres.go:40","msg":"postgres started","AppName":"MyApp","LoggerName":"ZapLogger","SubCategory":"Startup","Category":"Postgres"}
{"level":"info","ts":"2023-09-07T14:13:47.936+0330","caller":"migrations/1_init.go:62","msg":"added tables","AppName":"MyApp","LoggerName":"ZapLogger","Category":"Postgres","SubCategory":"Insert"}
{"level":"info","ts":"2023-09-07T14:31:02.707+0330","caller":"db/postgres.go:40","msg":"postgres started","AppName":"MyApp","LoggerName":"ZapLogger","Category":"Postgres","SubCategory":"Startup"}
{"level":"info","ts":"2023-09-07T14:31:02.719+0330","caller":"migrations/1_init.go:62","msg":"added tables","AppName":"MyApp","LoggerName":"ZapLogger","Category":"Postgres","SubCategory":"Insert"}
{"level":"info","ts":"2023-09-07T14:31:29.288+0330","caller":"db/postgres.go:40","msg":"postgres started","AppName":"MyApp","LoggerName":"ZapLogger","Category":"Postgres","SubCategory":"Startup"}
{"level":"info","ts":"2023-09-07T14:31:29.299+0330","caller":"migrations/1_init.go:62","msg":"added tables","AppName":"MyApp","LoggerName":"ZapLogger","Category":"Postgres","SubCategory":"Insert"}
{"level":"info","ts":"2023-09-07T14:40:11.487+0330","caller":"db/postgres.go:40","msg":"postgres started","AppName":"MyApp","LoggerName":"ZapLogger","Category":"Postgres","SubCategory":"Startup"}
{"level":"info","ts":"2023-09-07T14:40:11.499+0330","caller":"migrations/1_init.go:62","msg":"added tables","AppName":"MyApp","LoggerName":"ZapLogger","Category":"Postgres","SubCategory":"Insert"}
{"level":"info","ts":"2023-09-07T14:40:45.550+0330","caller":"db/postgres.go:40","msg":"postgres started","AppName":"MyApp","LoggerName":"ZapLogger","Category":"Postgres","SubCategory":"Startup"}
{"level":"info","ts":"2023-09-07T14:40:45.561+0330","caller":"migrations/1_init.go:62","msg":"added tables","AppName":"MyApp","LoggerName":"ZapLogger","Category":"Postgres","SubCategory":"Insert"}
{"level":"info","ts":"2023-09-07T14:51:38.391+0330","caller":"db/postgres.go:40","msg":"postgres started","AppName":"MyApp","LoggerName":"ZapLogger","Category":"Postgres","SubCategory":"Startup"}
{"level":"info","ts":"2023-09-07T14:51:38.403+0330","caller":"migrations/1_init.go:62","msg":"added tables","AppName":"MyApp","LoggerName":"ZapLogger","Category":"Postgres","SubCategory":"Insert"}
{"level":"info","ts":"2023-09-07T14:57:19.003+0330","caller":"db/postgres.go:40","msg":"postgres started","AppName":"MyApp","LoggerName":"ZapLogger","Category":"Postgres","SubCategory":"Startup"}
{"level":"info","ts":"2023-09-07T14:57:19.016+0330","caller":"migrations/1_init.go:62","msg":"added tables","AppName":"MyApp","LoggerName":"ZapLogger","Category":"Postgres","SubCategory":"Insert"}
{"level":"info","ts":"2023-09-07T14:58:13.243+0330","caller":"db/postgres.go:40","msg":"postgres started","AppName":"MyApp","LoggerName":"ZapLogger","SubCategory":"Startup","Category":"Postgres"}
{"level":"info","ts":"2023-09-07T14:58:13.257+0330","caller":"migrations/1_init.go:62","msg":"added tables","AppName":"MyApp","LoggerName":"ZapLogger","Category":"Postgres","SubCategory":"Insert"}
{"level":"info","ts":"2023-09-07T16:18:00.076+0330","caller":"db/postgres.go:40","msg":"postgres started","AppName":"MyApp","LoggerName":"ZapLogger","SubCategory":"Startup","Category":"Postgres"}
{"level":"info","ts":"2023-09-07T16:18:00.090+0330","caller":"migrations/1_init.go:62","msg":"added tables","AppName":"MyApp","LoggerName":"ZapLogger","SubCategory":"Insert","Category":"Postgres"}
{"level":"info","ts":"2023-09-07T16:18:41.105+0330","caller":"db/postgres.go:40","msg":"postgres started","AppName":"MyApp","LoggerName":"ZapLogger","Category":"Postgres","SubCategory":"Startup"}
{"level":"info","ts":"2023-09-07T16:18:41.118+0330","caller":"migrations/1_init.go:62","msg":"added tables","AppName":"MyApp","LoggerName":"ZapLogger","Category":"Postgres","SubCategory":"Insert"}
{"level":"info","ts":"2023-09-07T16:20:39.452+0330","caller":"db/postgres.go:40","msg":"postgres started","AppName":"MyApp","LoggerName":"ZapLogger","Category":"Postgres","SubCategory":"Startup"}
{"level":"info","ts":"2023-09-07T16:20:39.466+0330","caller":"migrations/1_init.go:62","msg":"added tables","AppName":"MyApp","LoggerName":"ZapLogger","Category":"Postgres","SubCategory":"Insert"}
{"level":"info","ts":"2023-09-07T16:21:38.247+0330","caller":"db/postgres.go:40","msg":"postgres started","AppName":"MyApp","LoggerName":"ZapLogger","Category":"Postgres","SubCategory":"Startup"}
{"level":"info","ts":"2023-09-07T16:21:38.260+0330","caller":"migrations/1_init.go:62","msg":"added tables","AppName":"MyApp","LoggerName":"ZapLogger","Category":"Postgres","SubCategory":"Insert"}
{"level":"info","ts":"2023-09-07T16:29:45.444+0330","caller":"db/postgres.go:40","msg":"postgres started","AppName":"MyApp","LoggerName":"ZapLogger","Category":"Postgres","SubCategory":"Startup"}
{"level":"info","ts":"2023-09-07T16:29:45.457+0330","caller":"migrations/1_init.go:62","msg":"added tables","AppName":"MyApp","LoggerName":"ZapLogger","Category":"Postgres","SubCategory":"Insert"}
{"level":"info","ts":"2023-09-07T16:31:15.857+0330","caller":"db/postgres.go:40","msg":"postgres started","AppName":"MyApp","LoggerName":"ZapLogger","Category":"Postgres","SubCategory":"Startup"}
{"level":"info","ts":"2023-09-07T16:31:15.870+0330","caller":"migrations/1_init.go:62","msg":"added tables","AppName":"MyApp","LoggerName":"ZapLogger","Category":"Postgres","SubCategory":"Insert"}
{"level":"error","ts":"2023-09-07T16:32:58.802+0330","caller":"handler/fiels.go:145","msg":"cant delete file","AppName":"MyApp","LoggerName":"ZapLogger","Category":"IO","SubCategory":"Delete","stacktrace":"wapi/src/api/handler.(*FileHandler).DeleteFile\n\tD:/Code/go/Web-api/W-API/src/api/handler/fiels.go:145\ngithub.com/gin-gonic/gin.(*Context).Next\n\tC:/Users/arshi/go/pkg/mod/github.com/gin-gonic/gin@v1.9.1/context.go:174\nwapi/src/api/middleware.Authentication.func1\n\tD:/Code/go/Web-api/W-API/src/api/middleware/auth.go:48\ngithub.com/gin-gonic/gin.(*Context).Next\n\tC:/Users/arshi/go/pkg/mod/github.com/gin-gonic/gin@v1.9.1/context.go:174\nwapi/src/api/middleware.Cors.func1\n\tD:/Code/go/Web-api/W-API/src/api/middleware/cors.go:21\ngithub.com/gin-gonic/gin.(*Context).Next\n\tC:/Users/arshi/go/pkg/mod/github.com/gin-gonic/gin@v1.9.1/context.go:174\nwapi/src/api/middleware.LimitByRequest.func1\n\tD:/Code/go/Web-api/W-API/src/api/middleware/limiter.go:21\ngithub.com/gin-gonic/gin.(*Context).Next\n\tC:/Users/arshi/go/pkg/mod/github.com/gin-gonic/gin@v1.9.1/context.go:174\ngithub.com/gin-gonic/gin.CustomRecoveryWithWriter.func1\n\tC:/Users/arshi/go/pkg/mod/github.com/gin-gonic/gin@v1.9.1/recovery.go:102\ngithub.com/gin-gonic/gin.(*Context).Next\n\tC:/Users/arshi/go/pkg/mod/github.com/gin-gonic/gin@v1.9.1/context.go:174\ngithub.com/gin-gonic/gin.LoggerWithConfig.func1\n\tC:/Users/arshi/go/pkg/mod/github.com/gin-gonic/gin@v1.9.1/logger.go:240\ngithub.com/gin-gonic/gin.(*Context).Next\n\tC:/Users/arshi/go/pkg/mod/github.com/gin-gonic/gin@v1.9.1/context.go:174\ngithub.com/gin-gonic/gin.(*Engine).handleHTTPRequest\n\tC:/Users/arshi/go/pkg/mod/github.com/gin-gonic/gin@v1.9.1/gin.go:620\ngithub.com/gin-gonic/gin.(*Engine).ServeHTTP\n\tC:/Users/arshi/go/pkg/mod/github.com/gin-gonic/gin@v1.9.1/gin.go:576\nnet/http.serverHandler.ServeHTTP\n\tC:/Program Files/Go/src/net/http/server.go:2936\nnet/http.(*conn).serve\n\tC:/Program Files/Go/src/net/http/server.go:1995"}
{"level":"error","ts":"2023-09-07T16:33:08.626+0330","caller":"handler/fiels.go:145","msg":"cant delete file","AppName":"MyApp","LoggerName":"ZapLogger","Category":"IO","SubCategory":"Delete","stacktrace":"wapi/src/api/handler.(*FileHandler).DeleteFile\n\tD:/Code/go/Web-api/W-API/src/api/handler/fiels.go:145\ngithub.com/gin-gonic/gin.(*Context).Next\n\tC:/Users/arshi/go/pkg/mod/github.com/gin-gonic/gin@v1.9.1/context.go:174\nwapi/src/api/middleware.Authentication.func1\n\tD:/Code/go/Web-api/W-API/src/api/middleware/auth.go:48\ngithub.com/gin-gonic/gin.(*Context).Next\n\tC:/Users/arshi/go/pkg/mod/github.com/gin-gonic/gin@v1.9.1/context.go:174\nwapi/src/api/middleware.Cors.func1\n\tD:/Code/go/Web-api/W-API/src/api/middleware/cors.go:21\ngithub.com/gin-gonic/gin.(*Context).Next\n\tC:/Users/arshi/go/pkg/mod/github.com/gin-gonic/gin@v1.9.1/context.go:174\nwapi/src/api/middleware.LimitByRequest.func1\n\tD:/Code/go/Web-api/W-API/src/api/middleware/limiter.go:21\ngithub.com/gin-gonic/gin.(*Context).Next\n\tC:/Users/arshi/go/pkg/mod/github.com/gin-gonic/gin@v1.9.1/context.go:174\ngithub.com/gin-gonic/gin.CustomRecoveryWithWriter.func1\n\tC:/Users/arshi/go/pkg/mod/github.com/gin-gonic/gin@v1.9.1/recovery.go:102\ngithub.com/gin-gonic/gin.(*Context).Next\n\tC:/Users/arshi/go/pkg/mod/github.com/gin-gonic/gin@v1.9.1/context.go:174\ngithub.com/gin-gonic/gin.LoggerWithConfig.func1\n\tC:/Users/arshi/go/pkg/mod/github.com/gin-gonic/gin@v1.9.1/logger.go:240\ngithub.com/gin-gonic/gin.(*Context).Next\n\tC:/Users/arshi/go/pkg/mod/github.com/gin-gonic/gin@v1.9.1/context.go:174\ngithub.com/gin-gonic/gin.(*Engine).handleHTTPRequest\n\tC:/Users/arshi/go/pkg/mod/github.com/gin-gonic/gin@v1.9.1/gin.go:620\ngithub.com/gin-gonic/gin.(*Engine).ServeHTTP\n\tC:/Users/arshi/go/pkg/mod/github.com/gin-gonic/gin@v1.9.1/gin.go:576\nnet/http.serverHandler.ServeHTTP\n\tC:/Program Files/Go/src/net/http/server.go:2936\nnet/http.(*conn).serve\n\tC:/Program Files/Go/src/net/http/server.go:1995"}
{"level":"info","ts":"2023-09-07T16:35:33.938+0330","caller":"db/postgres.go:40","msg":"postgres started","AppName":"MyApp","LoggerName":"ZapLogger","Category":"Postgres","SubCategory":"Startup"}
{"level":"info","ts":"2023-09-07T16:35:33.953+0330","caller":"migrations/1_init.go:62","msg":"added tables","AppName":"MyApp","LoggerName":"ZapLogger","Category":"Postgres","SubCategory":"Insert"}
{"level":"info","ts":"2023-09-07T16:35:41.451+0330","caller":"db/postgres.go:40","msg":"postgres started","AppName":"MyApp","LoggerName":"ZapLogger","Category":"Postgres","SubCategory":"Startup"}
{"level":"info","ts":"2023-09-07T16:35:41.465+0330","caller":"migrations/1_init.go:62","msg":"added tables","AppName":"MyApp","LoggerName":"ZapLogger","Category":"Postgres","SubCategory":"Insert"}
{"level":"error","ts":"2023-09-07T16:35:47.220+0330","caller":"handler/fiels.go:153","msg":"cant delete file","AppName":"MyApp","LoggerName":"ZapLogger","Category":"IO","SubCategory":"Delete","stacktrace":"wapi/src/api/handler.(*FileHandler).DeleteFile\n\tD:/Code/go/Web-api/W-API/src/api/handler/fiels.go:153\ngithub.com/gin-gonic/gin.(*Context).Next\n\tC:/Users/arshi/go/pkg/mod/github.com/gin-gonic/gin@v1.9.1/context.go:174\nwapi/src/api/middleware.Authentication.func1\n\tD:/Code/go/Web-api/W-API/src/api/middleware/auth.go:48\ngithub.com/gin-gonic/gin.(*Context).Next\n\tC:/Users/arshi/go/pkg/mod/github.com/gin-gonic/gin@v1.9.1/context.go:174\nwapi/src/api/middleware.Cors.func1\n\tD:/Code/go/Web-api/W-API/src/api/middleware/cors.go:21\ngithub.com/gin-gonic/gin.(*Context).Next\n\tC:/Users/arshi/go/pkg/mod/github.com/gin-gonic/gin@v1.9.1/context.go:174\nwapi/src/api/middleware.LimitByRequest.func1\n\tD:/Code/go/Web-api/W-API/src/api/middleware/limiter.go:21\ngithub.com/gin-gonic/gin.(*Context).Next\n\tC:/Users/arshi/go/pkg/mod/github.com/gin-gonic/gin@v1.9.1/context.go:174\ngithub.com/gin-gonic/gin.CustomRecoveryWithWriter.func1\n\tC:/Users/arshi/go/pkg/mod/github.com/gin-gonic/gin@v1.9.1/recovery.go:102\ngithub.com/gin-gonic/gin.(*Context).Next\n\tC:/Users/arshi/go/pkg/mod/github.com/gin-gonic/gin@v1.9.1/context.go:174\ngithub.com/gin-gonic/gin.LoggerWithConfig.func1\n\tC:/Users/arshi/go/pkg/mod/github.com/gin-gonic/gin@v1.9.1/logger.go:240\ngithub.com/gin-gonic/gin.(*Context).Next\n\tC:/Users/arshi/go/pkg/mod/github.com/gin-gonic/gin@v1.9.1/context.go:174\ngithub.com/gin-gonic/gin.(*Engine).handleHTTPRequest\n\tC:/Users/arshi/go/pkg/mod/github.com/gin-gonic/gin@v1.9.1/gin.go:620\ngithub.com/gin-gonic/gin.(*Engine).ServeHTTP\n\tC:/Users/arshi/go/pkg/mod/github.com/gin-gonic/gin@v1.9.1/gin.go:576\nnet/http.serverHandler.ServeHTTP\n\tC:/Program Files/Go/src/net/http/server.go:2936\nnet/http.(*conn).serve\n\tC:/Program Files/Go/src/net/http/server.go:1995"}
{"level":"info","ts":"2023-09-07T16:36:40.014+0330","caller":"db/postgres.go:40","msg":"postgres started","AppName":"MyApp","LoggerName":"ZapLogger","Category":"Postgres","SubCategory":"Startup"}
{"level":"info","ts":"2023-09-07T16:36:40.030+0330","caller":"migrations/1_init.go:62","msg":"added tables","AppName":"MyApp","LoggerName":"ZapLogger","Category":"Postgres","SubCategory":"Insert"}
{"level":"info","ts":"2023-09-08T10:17:18.977+0330","caller":"db/postgres.go:40","msg":"postgres started","AppName":"MyApp","LoggerName":"ZapLogger","Category":"Postgres","SubCategory":"Startup"}
{"level":"info","ts":"2023-09-08T10:17:19.047+0330","caller":"migrations/1_init.go:62","msg":"added tables","AppName":"MyApp","LoggerName":"ZapLogger","Category":"Postgres","SubCategory":"Insert"}
{"level":"info","ts":"2023-09-08T10:27:47.499+0330","caller":"db/postgres.go:40","msg":"postgres started","AppName":"MyApp","LoggerName":"ZapLogger","Category":"Postgres","SubCategory":"Startup"}
{"level":"info","ts":"2023-09-08T10:27:47.526+0330","caller":"migrations/1_init.go:62","msg":"added tables","AppName":"MyApp","LoggerName":"ZapLogger","SubCategory":"Insert","Category":"Postgres"}
